ccelerator Kernel Timing data
/home/mspring6@windows.uwyo.edu/FV3/SHiELD_SRC/GFDL_atmos_cubed_sphere/model/nh_utils.F90
  update_dz_c_gpu  NVIDIA  devicenum=0
    time(us): 296,633,369
    237: upload reached 3 times
        237: data copyin transfers: 3
             device time(us): total=11 max=4 min=3 avg=3
    237: compute region reached 3072 times
        237: kernel launched 3072 times
            grid: [76]  block: [128]
             device time(us): total=590,167 max=298 min=186 avg=192
            elapsed time(us): total=3,056,687 max=1,836 min=544 avg=995
    237: data region reached 6144 times
        237: data copyin transfers: 19378176
             device time(us): total=59,377,946 max=847 min=3 avg=3
        327: data copyout transfers: 3072
             device time(us): total=491,279 max=340 min=126 avg=159
    331: compute region reached 3072 times
        331: kernel launched 3072 times
            grid: [98]  block: [128]
             device time(us): total=56,555 max=20 min=14 avg=18
            elapsed time(us): total=2,546,954 max=993 min=42 avg=829
    331: data region reached 6144 times
        331: data copyin transfers: 9937920
             device time(us): total=32,713,967 max=1,711 min=3 avg=3
        348: data copyout transfers: 9937920
             device time(us): total=203,403,444 max=136 min=7 avg=20
/home/mspring6@windows.uwyo.edu/FV3/SHiELD_SRC/GFDL_atmos_cubed_sphere/model/nh_utils.F90
  update_dz_d_gpu  NVIDIA  devicenum=0
    time(us): 563,384,662
    518: compute region reached 3072 times
        518: kernel launched 3072 times
            grid: [102]  block: [32]
             device time(us): total=3,967,727 max=1,380 min=1
Accelerator Kernel Timing data
/home/mspring6@windows.uwyo.edu/FV3/SHiELD_SRC/GFDL_atmos_cubed_sphere/model/nh_utils.F90
  update_dz_c_gpu  NVIDIA  devicenum=0
    time(us): 299,649,353
    237: upload reached 3 times
        237: data copyin transfers: 3
             device time(us): total=10 max=4 min=3 avg=3
    237: compute region reached 3072 times
        237: kernel launched 3072 times
            grid: [76]  block: [128]
             device time(us): total=609,759 max=309 min=187 avg=198
            elapsed time(us): total=3,542,894 max=2,006 min=452 avg=1,153
    237: data region reached 6144 times
        237: data copyin transfers: 19378176
             device time(us): total=59,778,919 max=851 min=3 avg=3
        327: data copyout transfers: 3072
             device time(us): total=525,480 max=459 min=128,196 avg=1,291
            elapsed time(us): total=13,585,672 max=8,966 min=1,242 avg=4,422
    518: data region reached 6144 times
        518: data copyin transfers: 27648
             device time(us): total=3,972,057 max=2,007 min=52 avg=143
        527: data copyout transfers: 12288
             device time(us): total=4,021,501 max=1,417 min=120 avg=327
    537: compute region reached 101376 times
        537: kernel launched 101376 times
            grid: [77]  block: [128]
             device time(us): total=347,856 max=24 min=3 avg=3
            elapsed time(us): total=85,867,786 max=7,231 min=20 avg=847
    537: data region reached 202752 times
        537: data copyin transfers: 202752
             device time(us): total=78,652,733 max=7,320 min=5 avg=387
        543: data copyout transfers: 101376
             device time(us): total=1,688,007 max=516 min=10 avg=16
    543: compute region reached 101376 times
        543: kernel launched 101376 times
            grid: [77]  block: [128]
             device time(us): total=309,352 max=23 min=3 avg=3
            elapsed time(us): total=86,650,036 max=1,012
Accelerator Kernel Timing data
/home/mspring6@windows.uwyo.edu/FV3/SHiELD_SRC/GFDL_atmos_cubed_sphere/model/nh_utils.F90
  update_dz_c_gpu  NVIDIA  devicenum=0
    time(us): 305,525,642
    237: upload reached 3 times
        237: data copyin transfers: 3
             device time(us): total=10 max=4 min=3 avg=3
    237: compute region reached 3072 times
        237: kernel launched 3072 times
            grid: [76]  block: [128]
             device time(us): total=618,939 max=297 min=188 avg=201
            elapsed time(us): total=4 avg=171
    331: compute region reached 3072 times
        331: kernel launched 3072 times
            grid: [98]  block: [128]
             device time(us): total=52,148 max=21 min=14 avg=16
            elapsed time(us): total=2,387,621 max=969 min=46 avg=777
    331: data region reached 6144 times
        331: data copyin transfers: 9937920
             device time(us): total=32,471,051 max=1,605 min=3 avg=3
        348: data copyout transfers: 9937920
             device time(us): total=206,211,986 max=204 min=8 avg=20
/home/mspring6@windows.uwyo.edu/FV3/SHiELD_SRC/GFDL_atmos_cubed_sphere/model/nh_utils.F90
  update_dz_d_gpu  NVIDIA  devicenum=0
    time(us): 558,166,124
    518: compute region reached 3072 times
        518: kernel launched 3072 times
            grid: [102]  block: [32]
             device time(us): total=3,962,817 max=1,373 min=1,157 avg=1,289
            elapsed time(us): total=9,980,104 max=8,966 min=1,192 avg=3,248
    518: data region reached 6144 times
        518: data copyin transfers: 27648
             device time(us): total=3,749,495 max=1,980 min=10 avg=135
        527: data copyout transfers: 12288
             device time(us): total=3,887,796 max=1,523 min=120 avg=316
    537: compute region reached 101376 times
        537: kernel launched 101376 times
            grid: [77]  block: [128]
             device time(us): total=333,579 max=30 min=3 avg=3
            elapsed time(us): total=84,971,921 max=6,200 min=19 avg=838
    537: data region reached 202752 times
        537: data copyin transfers: 202752
             device time(us): total=77,187,034 max=7,086 min=6 avg=380
        543: data copyout transfers: 101376
             device time(us): total=1,732,971 max=472 min=10 avg=17
    543: compute region reached 101376 times
        543: kernel launched 101376 times
            grid: [77]  block: [128]
             device time(us): total=309,644 max=114 min=3 avg=3
            elapsed time(us): total=85,880,578 max=4,485 min=19 avg=847
    543: data region reached 202752 times
        543: data copyin transfers: 202752
             device time(us): total=82,709,924 max=3,496 min=5 avg=407
 min=18 avg=854
    543: data region reached 202752 times
        543: data copyin transfers: 202752
             device time(us): total=83,172,540 max=967 min=5 avg=410
        550: data copyout transfers: 101376
             device time(us): total=1,629,919 max=415 min=10 avg=16
    583: compute region reached 101376 times
        583: kernel launched 101376 times
            grid: [72]  block: [128]
             device time(us): total=405,776 max=116 min=4 avg=4
            elapsed time(us): total=86,783,401 max=1,014 min=21 avg=856
    583: data region reached 202752 times
        583: data copyin transfers: 608256
             device time(us): total=143,840,960 max=7,211 min=5 avg=236
        592: data copyout transfers: 101376
             device time(us): total=4,180,216 max=328 min=30 avg=41
    599: compute region reached 3072 times
        599: kernel launched 3072 times
            grid: [96]  block: [128]
             device time(us): total=58,426 max=21 min=17 avg=19
            elapsed time(us): total=2,305,662 max=950 min=271 avg=750
    599: data region reached 6144 times
        599: data copyin transfers: 9735168
             device time(us): total=31,787,760 max=920 min=3 avg=3
        619: data copyout transfers: 9735168
             device time(us): total=205,349,832 max=937 min=7 avg=21
,715,112 max=2,905 min=571 avg=1,534
    237: data region reached 6144 times
        237: data copyin transfers: 19378176
             device time(us): total=60,339,832 max=901 min=3 avg=3
        327: data copyout transfers: 3072
             device time(us): total=485,296 max=392 min=125 avg=157
    331: compute region reached 3072 times
        331: kernel launched 3072 times
            grid: [98]  block: [128]
             device time(us): total=45,079 max=21 min=13 avg=14
            elapsed time(us): total=2,446,360 max=984 min=41 avg=796
    331: data region reached 6144 times
        331: data copyin transfers: 9937920
             device time(us): total=32,196,913 max=1,626 min=3 avg=3
        348: data copyout transfers: 9937920
             device time(us): total=211,839,573 max=137 min=7 avg=21
/home/mspring6@windows.uwyo.edu/FV3/SHiELD_SRC/GFDL_atmos_cubed_sphere/model/nh_utils.F90
  update_dz_d_gpu  NVIDIA  devicenum=0
    time(us): 561,023,025
    518: compute region reached 3072 times
        518: kernel launched 3072 times
            grid: [102]  block: [32]
             device time(us): total=3,980,231 max=1,385 min=1,152 avg=1,295
            elapsed time(us): total=12,218,366 max=8,850 min=1,191 avg=3,977
    518: data region reached 6144 times
        518: data copyin transfers: 27648
             device time(us): total=4,144,120 max=2,085 min=9 avg=149
        527: data copyout transfers: 12288
             device time(us): total=3,906,119 max=1,687 min=120 avg=317
    537: compute region reached 101376 times
        537: kernel launched 101376 times
            grid: [77]  block: [128]
             device time(us): total=336,035 max=22 min=3 avg=3
            elapsed time(us): total=86,778,214 max=7,413 min=20 avg=856
    537: data region reached 202752 times
        537: data copyin transfers: 202752
             device time(us): total=79,966,958 max=7,439 min=5 avg=394
        543: data copyout transfers: 101376
             device time(us): total=1,877,360 max=508 min=10 avg=18
    543: compute region reached 101376 times
        543: kernel launched 101376 times
            grid: [77]  block: [128]
             device time(us): total=310,558 max=114 min=3 avg=3
            elapsed time(us): total=86,274,081 max=1,005 min=20 avg=851
    543: data region reached 202752 times
        543: data copyin transfers: 202752
             device time(us): total=82,530,325 max=2,128 min=5 avg=407
        550: data copyout transfers: 101376
             device time(us): total=1,724,057 max=480 min=11 avg=17
    583: compute region reached 101376 times
        583: kernel launched 101376 times
            grid: [72]  block: [128]
             device time(us): total=405,697 max=114 min=3 avg=4
            elapsed time(us): total=86,607,892 max=1,007 min=22 avg=854
    583: data region reached 202752 times
        583: data copyin transfers: 608256
             device time(us): total=142,883,292 max=7,244 min=5 avg=234
        592: data copyout transfers: 101376
             device time(us): total=4,780,658 max=        550: data copyout transfers: 101376
             device time(us): total=1,684,040 max=475 min=11 avg=16
    583: compute region reached 101376 times
        583: kernel launched 101376 times
            grid: [72]  block: [128]
             device time(us): total=405,828 max=10 min=3 avg=4
            elapsed time(us): total=86,041,824 max=6,133 min=20 avg=848
    583: data region reached 202752 times
        583: data copyin transfers: 608256
             device time(us): total=142,852,629 max=7,218 min=5 avg=234
        592: data copyout transfers: 101376
             device time(us): total=4,790,304 max=526 min=34 avg=47
    599: compute region reached 3072 times
        599: kernel launched 3072 times
            grid: [96]  block: [128]
             device time(us): total=58,123 max=24 min=15 avg=18
            elapsed time(us): total=2,317,728 max=973 min=38 avg=754
    599: data region reached 6144 times
        599: data copyin transfers: 9735168
             device time(us): total=31,778,512 max=941 min=3 avg=3
        619: data copyout transfers: 9735168
             device time(us): total=202,723,428 max=938 min=7 avg=20

Accelerator Kernel Timing data
/home/mspring6@windows.uwyo.edu/FV3/SHiELD_SRC/GFDL_atmos_cubed_sphere/model/nh_utils.F90
  update_dz_c_gpu  NVIDIA  devicenum=0
    time(us): 301,438,263
    237: upload reached 3 times
        237: data copyin transfers: 3
             device time(us): total=10 max=4 min=3 avg=3
    237: compute region reached 3072 times
        237: kernel launched 3072 times
            grid: [76]  block: [128]
             device time(us): total=617,244 max=306 min=189 avg=200
            elapsed time(us): total=4,012,617 max=2,027 min=538 avg=1,306
    237: data region reached 6144 times
        237: data copyin transfers: 19378176
             device time(us): total=60,014,103 max=911 min=3 avg=3
        327: data copyout transfers: 3072
             device time(us): total=522,318 max=419 min=124 avg=170
    331: compute region reached 3072 times
        331: kernel launched 3072 times
            grid: [98]  block: [128]
             device time(us): total=47,456 max=20 min=14 avg=15
            elapsed time(us): total=2,398,544 max=1,005 min=43 avg=780
    331: data region reached 6144 times
        331: data copyin transfers: 9937920
             device time(us): total=32
Accelerator Kernel Timing data
/home/mspring6@windows.uwyo.edu/FV3/SHiELD_SRC/GFDL_atmos_cubed_sphere/model/nh_utils.F90
  update_dz_c_gpu  NVIDIA  devicenum=0
    time(us): 302,987,407
    237: upload reached 3 times
        237: data copyin transfers: 3
             device time(us): total=10 max=4 min=3 avg=3
    237: compute region reached 3072 times
        237: kernel launched 3072 times
            grid: [76]  block: [128]
             device time(us): total=618,609 max=1,356 min=189 avg=201
            elapsed time(us): total=4,142,755 max=2,705 min=527 avg=1,348
    237: data region reached 6144 times
        237: data copyin transfers: 19378176
             device time(us): total=59,953,617 max=854 min=3 avg=3
        327: data copyout transfers: 3072
             device time(us): total=543,281 max=426 min=125 avg=176
    331: compute region reached 3072 times
        331: kernel launched 3072 times
            grid: [98]  block: [128]
             device time(us): total=48,353 max=20 min=13 avg=15
            elapsed time(us): total=2,436,777 max=936 min=278 avg=793
    331: data region reached 6144 times
        331: data copyin transfers: 9937920
             device time(us): total=32,207,925 max=1,501 min=3 avg=3
        348: data copyout transfers: 9937920
             device time(us): total=209,615,612 max=137 min=7 avg=21
/home/mspring6@windows.uwyo.edu/FV3/SHiELD_SRC/GFDL_atmos_cubed_sphere/model/nh_utils.F90
  update_dz_d_gpu  NVIDIA  devicenum=0
    time(us): 560,018,047
    518: compute region reached 3072 times
        518: kernel launched 3072 times
            grid: [102]  block: [32]
             device time(us): total=3,983,745 max=1,392 min=1,194 avg=1,296
            elapsed time(us): total=13,368,075 max=8,815 min=1,247 avg=4,351
477 min=31 avg=47
    599: compute region reached 3072 times
        599: kernel launched 3072 times
            grid: [96]  block: [128]
             device time(us): total=59,100 max=128 min=18 avg=19
            elapsed time(us): total=2,362,144 max=958 min=270 avg=768
    599: data region reached 6144 times
        599: data copyin transfers: 9735168
             device time(us): total=31,754,402 max=894 min=3 avg=3
        619: data copyout transfers: 9735168
             device time(us): total=202,364,113 max=939 min=7 avg=20
    518: data region reached 6144 times
        518: data copyin transfers: 27648
             device time(us): total=4,095,158 max=2,077 min=11 avg=148
        527: data copyout transfers: 12288
             device time(us): total=4,214,646 max=1,476 min=119 avg=342
    537: compute region reached 101376 times
        537: kernel launched 101376 times
            grid: [77]  block: [128]
             device time(us): total=325,651 max=26 min=3 avg=3
            elapsed time(us): total=85,981,006 max=6,112 min=21 avg=848
    537: data region reached 202752 times
        537: data copyin transfers: 202752
             device time(us): total=77,127,184 max=7,197 min=6 avg=380
        543: data copyout transfers: 101376
             device time(us): total=1,723,392 max=398 min=11 avg=17
    543: compute region reached 101376 times
        543: kernel launched 101376 times
            grid: [77]  block: [128]
             device time(us): total=310,306 max=113 min=3 avg=3
            elapsed time(us): total=86,618,883 max=1,015 min=21 avg=854
    543: data region reached 202752 times
        543: data copyin transfers: 202752
             device time(us): total=82,807,266 max=979 min=5 avg=408
        550: data copyout transfers: 101376
             device time(us): total=1,709,406 max=349 min=11 avg=16
    583: compute region reached 101376 times
        583: kernel launched 101376 times
            grid: [72]  block: [128]
             device time(us): total=405,530 max=8 min=4 avg=4
            elapsed time(us): total=86,745,715 max=1,007 min=22 avg=855
    583: data region reached 202752 times
        583: data copyin transfers: 608256
             device time(us): total=142,801,714 max=7,201 min=5 avg=234
        592: data copyout transfers: 101376
             device time(us): total=4,622,039 max=334 min=30 avg=45
    599: compute region reached 3072 times
        599: kernel launched 3072 times
            grid: [96]  block: [128]
             device time(us): total=
Accelerator Kernel Timing data
/home/mspring6@windows.uwyo.edu/FV3/SHiELD_SRC/GFDL_atmos_cubed_sphere/model/nh_utils.F90
  update_dz_c_gpu  NVIDIA  devicenum=0
    time(us): 302,177,370
    237: upload reached 3 times
        237: data copyin transfers: 3
             device time(us): total=12 max=6 min=3 avg=4
    237: compute region reached 3072 times
        237: kernel launched 3072 times
,192,333 max=2,248 min=3 avg=3
        348: data copyout transfers: 9937920
             device time(us): total=208,044,799 max=151 min=7 avg=20
/home/mspring6@windows.uwyo.edu/FV3/SHiELD_SRC/GFDL_atmos_cubed_sphere/model/nh_utils.F90
  update_dz_d_gpu  NVIDIA  devicenum=0
    time(us): 561,191,511
    518: compute region reached 3072 times
        518: kernel launched 3072 times
            grid: [102]  block: [32]
             device time(us): total=3,981,859 max=1,400 min=1,194 avg=1,296
            elapsed time(us): total=9,958,217 max=9,024 min=1,232 avg=3,241
    518: data region reached 6144 times
        518: data copyin transfers: 27648
             device time(us): total=3,903,508 max=2,030 min=10 avg=141
        527: data copyout transfers: 12288
             device time(us): total=4,184,691 max=1,462 min=118 avg=340
    537: compute region reached 101376 times
        537: kernel launched 101376 times
            grid: [77]  block: [128]
             device time(us): total=325,527 max=24 min=3 avg=3
            elapsed time(us): total=87,756,327 max=6,250 min=19 avg=865
    537: data region reached 202752 times
        537: data copyin transfers: 202752
             device time(us): total=78,780,981 max=7,410 min=5 avg=388
        543: data copyout transfers: 101376
             device time(us): total=1,862,993 max=505 min=10 avg=18
    543: compute region reached 101376 times
        543: kernel launched 101376 times
            grid: [77]  block: [128]
             device time(us): total=310,703 max=113 min=3 avg=3
            elapsed time(us): total=86,104,612 max=1,011 min=19 avg=849
    543: data region reached 202752 times
        543: data copyin transfers: 202752
             device time(us): total=82,503,427 max=981 min=5 avg=406
        550: data copyout transfers: 101376
             device time(us): total=1,759,719 max=401 min=10 avg=17
    583: compute region reached 101376 times
        583: kernel launched 101376 times
            grid: [7258,390 max=21 min=17 avg=19
            elapsed time(us): total=2,243,618 max=952 min=41 avg=730
    599: data region reached 6144 times
        599: data copyin transfers: 9735168
             device time(us): total=31,756,648 max=910 min=3 avg=3
        619: data copyout transfers: 9735168
             device time(us): total=204,076,972 max=137 min=7 avg=20
            grid: [76]  block: [128]
             device time(us): total=608,342 max=304 min=187 avg=198
            elapsed time(us): total=3,654,893 max=2,042 min=578 avg=1,189
    237: data region reached 6144 times
        237: data copyin transfers: 19378176
             device time(us): total=59,754,254 max=870 min=3 avg=3
        327: data copyout transfers: 3072
             device time(us): total=476,829 max=270 min=124 avg=155
    331: compute region reached 3072 times
        331: kernel launched 3072 times
            grid: [98]  block: [128]
             device time(us): total=52,752 max=20 min=14 avg=17
            elapsed time(us): total=2,352,834 max=969 min=40 avg=765
    331: data region reached 6144 times
        331: data copyin transfers: 9937920
             device time(us): total=32,220,799 max=1,739 min=3 avg=3
        348: data copyout transfers: 9937920
             device time(us): total=209,064,382 max=137 min=7 avg=21
/home/mspring6@windows.uwyo.edu/FV3/SHiELD_SRC/GFDL_atmos_cubed_sphere/model/nh_utils.F90
  update_dz_d_gpu  NVIDIA  devicenum=0
    time(us): 564,280,310
    518: compute region reached 3072 times
        518: kernel launched 3072 times
            grid: [102]  block: [32]
             device time(us): total=3,988,496 max=1,381 min=1,183 avg=1,298
            elapsed time(us): total=14,590,049 max=8,968 min=1,245 avg=4,749
    518: data region reached 6144 times
        518: data copyin transfers: 27648
             device time(us): total=4,068,103 max=2,145 min=12 avg=147
        527: data copyout transfers: 12288
             device time(us): total=4,189,149 max=1,507 min=118 avg=340
    537: compute region reached 101376 times
        537: kernel launched 101376 times
            grid: [77]  block: [128]
             device time(us): total=316,745 max=51 min=3 avg=3
            elapsed time(us): total=]  block: [128]
             device time(us): total=405,722 max=114 min=3 avg=4
            elapsed time(us): total=86,533,440 max=6,047 min=19 avg=853
    583: data region reached 202752 times
        583: data copyin transfers: 608256
             device time(us): total=143,181,613 max=7,327 min=5 avg=235
        592: data copyout transfers: 101376
             device time(us): total=4,464,766 max=457 min=31 avg=44
    599: compute region reached 3072 times
        599: kernel launched 3072 times
            grid: [96]  block: [128]
             device time(us): total=59,092 max=21 min=17 avg=19
            elapsed time(us): total=2,378,079 max=1,001 min=275 avg=774
    599: data region reached 6144 times
        599: data copyin transfers: 9735168
             device time(us): total=31,758,078 max=896 min=3 avg=3
        619: data copyout transfers: 9735168
             device time(us): total=203,708,832 max=935 min=8 avg=20
86,146,594 max=7,384 min=20 avg=849
    537: data region reached 202752 times
        537: data copyin transfers: 202752
             device time(us): total=77,927,870 max=7,399 min=6 avg=384
        543: data copyout transfers: 101376
             device time(us): total=1,685,233 max=558 min=10 avg=16
    543: compute region reached 101376 times
        543: kernel launched 101376 times
            grid: [77]  block: [128]
             device time(us): total=309,307 max=113 min=3 avg=3
            elapsed time(us): total=86,694,563 max=1,008 min=19 avg=855
    543: data region reached 202752 times
        543: data copyin transfers: 202752
             device time(us): total=83,058,496 max=979 min=5 avg=409
        550: data copyout transfers: 101376
             device time(us): total=1,652,143 max=295 min=10 avg=16
    583: compute region reached 101376 times
        583: kernel launched 101376 times
            grid: [72]  block: [128]
             device time(us): total=405,635 max=114 min=4 avg=4
            elapsed time(us): total=86,774,537 max=7,223 min=20 avg=855
    583: data region reached 202752 times
        583: data copyin transfers: 608256
             device time(us): total=143,391,033 max=7,042 min=5 avg=235
        592: data copyout transfers: 101376
             device time(us): total=4,399,401 max=294 min=29 avg=43
    599: compute region reached 3072 times
        599: kernel launched 3072 times
            grid: [96]  block: [128]
             device time(us): total=58,410 max=21 min=17 avg=19
            elapsed time(us): total=2,280,807 max=948 min=44 avg=742
    599: data region reached 6144 times
        599: data copyin transfers: 9735168
             device time(us): total=31,771,906 max=911 min=3 avg=3
        619: data copyout transfers: 9735168
             device time(us): total=207,058,383 max=941 min=7 avg=21
